The system is: Darwin - 22.6.0 - x86_64
Compiling the CXX compiler identification source file "CMakeCXXCompilerId.cpp" succeeded.
Compiler: /Library/Developer/CommandLineTools/usr/bin/c++ 
Build flags: 
Id flags: -c 

The output was:
0


Compilation of the CXX compiler identification source "CMakeCXXCompilerId.cpp" produced "CMakeCXXCompilerId.o"

The CXX compiler identification is AppleClang, found in "/Users/davidxiong/Desktop/ramulator2/build/CMakeFiles/3.21.1/CompilerIdCXX/CMakeCXXCompilerId.o"

Detecting CXX compiler ABI info compiled with the following output:
Change Dir: /Users/davidxiong/Desktop/ramulator2/build/CMakeFiles/CMakeTmp

Run Build Command(s):/usr/local/bin/gmake -f Makefile cmTC_89edc/fast && /usr/local/bin/gmake  -f CMakeFiles/cmTC_89edc.dir/build.make CMakeFiles/cmTC_89edc.dir/build
gmake[1]: Entering directory '/Users/davidxiong/Desktop/ramulator2/build/CMakeFiles/CMakeTmp'
Building CXX object CMakeFiles/cmTC_89edc.dir/CMakeCXXCompilerABI.cpp.o
/Library/Developer/CommandLineTools/usr/bin/c++   -isysroot /Library/Developer/CommandLineTools/SDKs/MacOSX14.2.sdk -mmacosx-version-min=13.6   -v -Wl,-v -MD -MT CMakeFiles/cmTC_89edc.dir/CMakeCXXCompilerABI.cpp.o -MF CMakeFiles/cmTC_89edc.dir/CMakeCXXCompilerABI.cpp.o.d -o CMakeFiles/cmTC_89edc.dir/CMakeCXXCompilerABI.cpp.o -c /usr/local/Cellar/cmake/3.21.1/share/cmake/Modules/CMakeCXXCompilerABI.cpp
Apple clang version 15.0.0 (clang-1500.1.0.2.5)
Target: x86_64-apple-darwin22.6.0
Thread model: posix
InstalledDir: /Library/Developer/CommandLineTools/usr/bin
clang: warning: -Wl,-v: 'linker' input unused [-Wunused-command-line-argument]
 "/Library/Developer/CommandLineTools/usr/bin/clang" -cc1 -triple x86_64-apple-macosx13.6.0 -Wundef-prefix=TARGET_OS_ -Wdeprecated-objc-isa-usage -Werror=deprecated-objc-isa-usage -Werror=implicit-function-declaration -emit-obj -mrelax-all --mrelax-relocations -disable-free -clear-ast-before-backend -disable-llvm-verifier -discard-value-names -main-file-name CMakeCXXCompilerABI.cpp -mrelocation-model pic -pic-level 2 -mframe-pointer=all -fno-strict-return -ffp-contract=on -fno-rounding-math -funwind-tables=2 -target-sdk-version=14.2 -fvisibility-inlines-hidden-static-local-var -target-cpu penryn -tune-cpu generic -mllvm -treat-scalable-fixed-error-as-warning -debugger-tuning=lldb -target-linker-version 1022.1 -v -fcoverage-compilation-dir=/Users/davidxiong/Desktop/ramulator2/build/CMakeFiles/CMakeTmp -resource-dir /Library/Developer/CommandLineTools/usr/lib/clang/15.0.0 -dependency-file CMakeFiles/cmTC_89edc.dir/CMakeCXXCompilerABI.cpp.o.d -skip-unused-modulemap-deps -MT CMakeFiles/cmTC_89edc.dir/CMakeCXXCompilerABI.cpp.o -sys-header-deps -isysroot /Library/Developer/CommandLineTools/SDKs/MacOSX14.2.sdk -internal-isystem /Library/Developer/CommandLineTools/SDKs/MacOSX14.2.sdk/usr/include/c++/v1 -internal-isystem /Library/Developer/CommandLineTools/SDKs/MacOSX14.2.sdk/usr/local/include -internal-isystem /Library/Developer/CommandLineTools/usr/lib/clang/15.0.0/include -internal-externc-isystem /Library/Developer/CommandLineTools/SDKs/MacOSX14.2.sdk/usr/include -internal-externc-isystem /Library/Developer/CommandLineTools/usr/include -Wno-reorder-init-list -Wno-implicit-int-float-conversion -Wno-c99-designator -Wno-final-dtor-non-final-class -Wno-extra-semi-stmt -Wno-misleading-indentation -Wno-quoted-include-in-framework-header -Wno-implicit-fallthrough -Wno-enum-enum-conversion -Wno-enum-float-conversion -Wno-elaborated-enum-base -Wno-reserved-identifier -Wno-gnu-folding-constant -fdeprecated-macro -fdebug-compilation-dir=/Users/davidxiong/Desktop/ramulator2/build/CMakeFiles/CMakeTmp -ferror-limit 19 -stack-protector 1 -fstack-check -mdarwin-stkchk-strong-link -fblocks -fencode-extended-block-signature -fregister-global-dtors-with-atexit -fgnuc-version=4.2.1 -fno-cxx-modules -fcxx-exceptions -fexceptions -fmax-type-align=16 -fcommon -clang-vendor-feature=+disableNonDependentMemberExprInCurrentInstantiation -fno-odr-hash-protocols -clang-vendor-feature=+enableAggressiveVLAFolding -clang-vendor-feature=+revert09abecef7bbf -clang-vendor-feature=+thisNoAlignAttr -clang-vendor-feature=+thisNoNullAttr -mllvm -disable-aligned-alloc-awareness=1 -D__GCC_HAVE_DWARF2_CFI_ASM=1 -o CMakeFiles/cmTC_89edc.dir/CMakeCXXCompilerABI.cpp.o -x c++ /usr/local/Cellar/cmake/3.21.1/share/cmake/Modules/CMakeCXXCompilerABI.cpp
clang -cc1 version 15.0.0 (clang-1500.1.0.2.5) default target x86_64-apple-darwin22.6.0
ignoring nonexistent directory "/Library/Developer/CommandLineTools/SDKs/MacOSX14.2.sdk/usr/local/include"
ignoring nonexistent directory "/Library/Developer/CommandLineTools/SDKs/MacOSX14.2.sdk/Library/Frameworks"
#include "..." search starts here:
#include <...> search starts here:
 /Library/Developer/CommandLineTools/SDKs/MacOSX14.2.sdk/usr/include/c++/v1
 /Library/Developer/CommandLineTools/usr/lib/clang/15.0.0/include
 /Library/Developer/CommandLineTools/SDKs/MacOSX14.2.sdk/usr/include
 /Library/Developer/CommandLineTools/usr/include
 /Library/Developer/CommandLineTools/SDKs/MacOSX14.2.sdk/System/Library/Frameworks (framework directory)
End of search list.
Linking CXX executable cmTC_89edc
/usr/local/Cellar/cmake/3.21.1/bin/cmake -E cmake_link_script CMakeFiles/cmTC_89edc.dir/link.txt --verbose=1
/Library/Developer/CommandLineTools/usr/bin/c++  -isysroot /Library/Developer/CommandLineTools/SDKs/MacOSX14.2.sdk -mmacosx-version-min=13.6 -Wl,-search_paths_first -Wl,-headerpad_max_install_names  -v -Wl,-v CMakeFiles/cmTC_89edc.dir/CMakeCXXCompilerABI.cpp.o -o cmTC_89edc 
Apple clang version 15.0.0 (clang-1500.1.0.2.5)
Target: x86_64-apple-darwin22.6.0
Thread model: posix
InstalledDir: /Library/Developer/CommandLineTools/usr/bin
 "/Library/Developer/CommandLineTools/usr/bin/ld" -demangle -lto_library /Library/Developer/CommandLineTools/usr/lib/libLTO.dylib -dynamic -arch x86_64 -platform_version macos 13.6.0 14.2 -syslibroot /Library/Developer/CommandLineTools/SDKs/MacOSX14.2.sdk -o cmTC_89edc -search_paths_first -headerpad_max_install_names -v CMakeFiles/cmTC_89edc.dir/CMakeCXXCompilerABI.cpp.o -lc++ -lSystem /Library/Developer/CommandLineTools/usr/lib/clang/15.0.0/lib/darwin/libclang_rt.osx.a
@(#)PROGRAM:ld  PROJECT:dyld-1022.1
BUILD 13:20:30 Nov 10 2023
configured to support archs: armv6 armv7 armv7s arm64 arm64e arm64_32 i386 x86_64 x86_64h
will use ld-classic for: armv6 armv7 armv7s arm64_32 i386 armv6m armv7k armv7m armv7em
LTO support using: LLVM version 15.0.0 (static support for 29, runtime is 29)
TAPI support using: Apple TAPI version 15.0.0 (tapi-1500.0.12.8)
Library search paths:
Framework search paths:
gmake[1]: Leaving directory '/Users/davidxiong/Desktop/ramulator2/build/CMakeFiles/CMakeTmp'



Parsed CXX implicit include dir info from above output: rv=done
  found start of include info
  found start of implicit include info
    add: [/Library/Developer/CommandLineTools/SDKs/MacOSX14.2.sdk/usr/include/c++/v1]
    add: [/Library/Developer/CommandLineTools/usr/lib/clang/15.0.0/include]
    add: [/Library/Developer/CommandLineTools/SDKs/MacOSX14.2.sdk/usr/include]
    add: [/Library/Developer/CommandLineTools/usr/include]
  end of search list found
  collapse include dir [/Library/Developer/CommandLineTools/SDKs/MacOSX14.2.sdk/usr/include/c++/v1] ==> [/Library/Developer/CommandLineTools/SDKs/MacOSX14.2.sdk/usr/include/c++/v1]
  collapse include dir [/Library/Developer/CommandLineTools/usr/lib/clang/15.0.0/include] ==> [/Library/Developer/CommandLineTools/usr/lib/clang/15.0.0/include]
  collapse include dir [/Library/Developer/CommandLineTools/SDKs/MacOSX14.2.sdk/usr/include] ==> [/Library/Developer/CommandLineTools/SDKs/MacOSX14.2.sdk/usr/include]
  collapse include dir [/Library/Developer/CommandLineTools/usr/include] ==> [/Library/Developer/CommandLineTools/usr/include]
  implicit include dirs: [/Library/Developer/CommandLineTools/SDKs/MacOSX14.2.sdk/usr/include/c++/v1;/Library/Developer/CommandLineTools/usr/lib/clang/15.0.0/include;/Library/Developer/CommandLineTools/SDKs/MacOSX14.2.sdk/usr/include;/Library/Developer/CommandLineTools/usr/include]


Parsed CXX implicit link information from above output:
  link line regex: [^( *|.*[/\])(ld|CMAKE_LINK_STARTFILE-NOTFOUND|([^/\]+-)?ld|collect2)[^/\]*( |$)]
  ignore line: [Change Dir: /Users/davidxiong/Desktop/ramulator2/build/CMakeFiles/CMakeTmp]
  ignore line: []
  ignore line: [Run Build Command(s):/usr/local/bin/gmake -f Makefile cmTC_89edc/fast && /usr/local/bin/gmake  -f CMakeFiles/cmTC_89edc.dir/build.make CMakeFiles/cmTC_89edc.dir/build]
  ignore line: [gmake[1]: Entering directory '/Users/davidxiong/Desktop/ramulator2/build/CMakeFiles/CMakeTmp']
  ignore line: [Building CXX object CMakeFiles/cmTC_89edc.dir/CMakeCXXCompilerABI.cpp.o]
  ignore line: [/Library/Developer/CommandLineTools/usr/bin/c++   -isysroot /Library/Developer/CommandLineTools/SDKs/MacOSX14.2.sdk -mmacosx-version-min=13.6   -v -Wl -v -MD -MT CMakeFiles/cmTC_89edc.dir/CMakeCXXCompilerABI.cpp.o -MF CMakeFiles/cmTC_89edc.dir/CMakeCXXCompilerABI.cpp.o.d -o CMakeFiles/cmTC_89edc.dir/CMakeCXXCompilerABI.cpp.o -c /usr/local/Cellar/cmake/3.21.1/share/cmake/Modules/CMakeCXXCompilerABI.cpp]
  ignore line: [Apple clang version 15.0.0 (clang-1500.1.0.2.5)]
  ignore line: [Target: x86_64-apple-darwin22.6.0]
  ignore line: [Thread model: posix]
  ignore line: [InstalledDir: /Library/Developer/CommandLineTools/usr/bin]
  ignore line: [clang: warning: -Wl -v: 'linker' input unused [-Wunused-command-line-argument]]
  ignore line: [ "/Library/Developer/CommandLineTools/usr/bin/clang" -cc1 -triple x86_64-apple-macosx13.6.0 -Wundef-prefix=TARGET_OS_ -Wdeprecated-objc-isa-usage -Werror=deprecated-objc-isa-usage -Werror=implicit-function-declaration -emit-obj -mrelax-all --mrelax-relocations -disable-free -clear-ast-before-backend -disable-llvm-verifier -discard-value-names -main-file-name CMakeCXXCompilerABI.cpp -mrelocation-model pic -pic-level 2 -mframe-pointer=all -fno-strict-return -ffp-contract=on -fno-rounding-math -funwind-tables=2 -target-sdk-version=14.2 -fvisibility-inlines-hidden-static-local-var -target-cpu penryn -tune-cpu generic -mllvm -treat-scalable-fixed-error-as-warning -debugger-tuning=lldb -target-linker-version 1022.1 -v -fcoverage-compilation-dir=/Users/davidxiong/Desktop/ramulator2/build/CMakeFiles/CMakeTmp -resource-dir /Library/Developer/CommandLineTools/usr/lib/clang/15.0.0 -dependency-file CMakeFiles/cmTC_89edc.dir/CMakeCXXCompilerABI.cpp.o.d -skip-unused-modulemap-deps -MT CMakeFiles/cmTC_89edc.dir/CMakeCXXCompilerABI.cpp.o -sys-header-deps -isysroot /Library/Developer/CommandLineTools/SDKs/MacOSX14.2.sdk -internal-isystem /Library/Developer/CommandLineTools/SDKs/MacOSX14.2.sdk/usr/include/c++/v1 -internal-isystem /Library/Developer/CommandLineTools/SDKs/MacOSX14.2.sdk/usr/local/include -internal-isystem /Library/Developer/CommandLineTools/usr/lib/clang/15.0.0/include -internal-externc-isystem /Library/Developer/CommandLineTools/SDKs/MacOSX14.2.sdk/usr/include -internal-externc-isystem /Library/Developer/CommandLineTools/usr/include -Wno-reorder-init-list -Wno-implicit-int-float-conversion -Wno-c99-designator -Wno-final-dtor-non-final-class -Wno-extra-semi-stmt -Wno-misleading-indentation -Wno-quoted-include-in-framework-header -Wno-implicit-fallthrough -Wno-enum-enum-conversion -Wno-enum-float-conversion -Wno-elaborated-enum-base -Wno-reserved-identifier -Wno-gnu-folding-constant -fdeprecated-macro -fdebug-compilation-dir=/Users/davidxiong/Desktop/ramulator2/build/CMakeFiles/CMakeTmp -ferror-limit 19 -stack-protector 1 -fstack-check -mdarwin-stkchk-strong-link -fblocks -fencode-extended-block-signature -fregister-global-dtors-with-atexit -fgnuc-version=4.2.1 -fno-cxx-modules -fcxx-exceptions -fexceptions -fmax-type-align=16 -fcommon -clang-vendor-feature=+disableNonDependentMemberExprInCurrentInstantiation -fno-odr-hash-protocols -clang-vendor-feature=+enableAggressiveVLAFolding -clang-vendor-feature=+revert09abecef7bbf -clang-vendor-feature=+thisNoAlignAttr -clang-vendor-feature=+thisNoNullAttr -mllvm -disable-aligned-alloc-awareness=1 -D__GCC_HAVE_DWARF2_CFI_ASM=1 -o CMakeFiles/cmTC_89edc.dir/CMakeCXXCompilerABI.cpp.o -x c++ /usr/local/Cellar/cmake/3.21.1/share/cmake/Modules/CMakeCXXCompilerABI.cpp]
  ignore line: [clang -cc1 version 15.0.0 (clang-1500.1.0.2.5) default target x86_64-apple-darwin22.6.0]
  ignore line: [ignoring nonexistent directory "/Library/Developer/CommandLineTools/SDKs/MacOSX14.2.sdk/usr/local/include"]
  ignore line: [ignoring nonexistent directory "/Library/Developer/CommandLineTools/SDKs/MacOSX14.2.sdk/Library/Frameworks"]
  ignore line: [#include "..." search starts here:]
  ignore line: [#include <...> search starts here:]
  ignore line: [ /Library/Developer/CommandLineTools/SDKs/MacOSX14.2.sdk/usr/include/c++/v1]
  ignore line: [ /Library/Developer/CommandLineTools/usr/lib/clang/15.0.0/include]
  ignore line: [ /Library/Developer/CommandLineTools/SDKs/MacOSX14.2.sdk/usr/include]
  ignore line: [ /Library/Developer/CommandLineTools/usr/include]
  ignore line: [ /Library/Developer/CommandLineTools/SDKs/MacOSX14.2.sdk/System/Library/Frameworks (framework directory)]
  ignore line: [End of search list.]
  ignore line: [Linking CXX executable cmTC_89edc]
  ignore line: [/usr/local/Cellar/cmake/3.21.1/bin/cmake -E cmake_link_script CMakeFiles/cmTC_89edc.dir/link.txt --verbose=1]
  ignore line: [/Library/Developer/CommandLineTools/usr/bin/c++  -isysroot /Library/Developer/CommandLineTools/SDKs/MacOSX14.2.sdk -mmacosx-version-min=13.6 -Wl -search_paths_first -Wl -headerpad_max_install_names  -v -Wl -v CMakeFiles/cmTC_89edc.dir/CMakeCXXCompilerABI.cpp.o -o cmTC_89edc ]
  ignore line: [Apple clang version 15.0.0 (clang-1500.1.0.2.5)]
  ignore line: [Target: x86_64-apple-darwin22.6.0]
  ignore line: [Thread model: posix]
  ignore line: [InstalledDir: /Library/Developer/CommandLineTools/usr/bin]
  link line: [ "/Library/Developer/CommandLineTools/usr/bin/ld" -demangle -lto_library /Library/Developer/CommandLineTools/usr/lib/libLTO.dylib -dynamic -arch x86_64 -platform_version macos 13.6.0 14.2 -syslibroot /Library/Developer/CommandLineTools/SDKs/MacOSX14.2.sdk -o cmTC_89edc -search_paths_first -headerpad_max_install_names -v CMakeFiles/cmTC_89edc.dir/CMakeCXXCompilerABI.cpp.o -lc++ -lSystem /Library/Developer/CommandLineTools/usr/lib/clang/15.0.0/lib/darwin/libclang_rt.osx.a]
    arg [/Library/Developer/CommandLineTools/usr/bin/ld] ==> ignore
    arg [-demangle] ==> ignore
    arg [-lto_library] ==> ignore, skip following value
    arg [/Library/Developer/CommandLineTools/usr/lib/libLTO.dylib] ==> skip value of -lto_library
    arg [-dynamic] ==> ignore
    arg [-arch] ==> ignore
    arg [x86_64] ==> ignore
    arg [-platform_version] ==> ignore
    arg [macos] ==> ignore
    arg [13.6.0] ==> ignore
    arg [14.2] ==> ignore
    arg [-syslibroot] ==> ignore
    arg [/Library/Developer/CommandLineTools/SDKs/MacOSX14.2.sdk] ==> ignore
    arg [-o] ==> ignore
    arg [cmTC_89edc] ==> ignore
    arg [-search_paths_first] ==> ignore
    arg [-headerpad_max_install_names] ==> ignore
    arg [-v] ==> ignore
    arg [CMakeFiles/cmTC_89edc.dir/CMakeCXXCompilerABI.cpp.o] ==> ignore
    arg [-lc++] ==> lib [c++]
    arg [-lSystem] ==> lib [System]
    arg [/Library/Developer/CommandLineTools/usr/lib/clang/15.0.0/lib/darwin/libclang_rt.osx.a] ==> lib [/Library/Developer/CommandLineTools/usr/lib/clang/15.0.0/lib/darwin/libclang_rt.osx.a]
  remove lib [System]
  remove lib [/Library/Developer/CommandLineTools/usr/lib/clang/15.0.0/lib/darwin/libclang_rt.osx.a]
  implicit libs: [c++]
  implicit objs: []
  implicit dirs: []
  implicit fwks: []


Determining if the include file pthread.h exists passed with the following output:
Change Dir: /Users/davidxiong/Desktop/ramulator2/build/CMakeFiles/CMakeTmp

Run Build Command(s):/usr/local/bin/gmake -f Makefile cmTC_28f16/fast && /usr/local/bin/gmake  -f CMakeFiles/cmTC_28f16.dir/build.make CMakeFiles/cmTC_28f16.dir/build
gmake[1]: Entering directory '/Users/davidxiong/Desktop/ramulator2/build/CMakeFiles/CMakeTmp'
Building CXX object CMakeFiles/cmTC_28f16.dir/CheckIncludeFile.cxx.o
/Library/Developer/CommandLineTools/usr/bin/c++   -isysroot /Library/Developer/CommandLineTools/SDKs/MacOSX14.2.sdk -mmacosx-version-min=13.6 -fPIE -std=c++2a -MD -MT CMakeFiles/cmTC_28f16.dir/CheckIncludeFile.cxx.o -MF CMakeFiles/cmTC_28f16.dir/CheckIncludeFile.cxx.o.d -o CMakeFiles/cmTC_28f16.dir/CheckIncludeFile.cxx.o -c /Users/davidxiong/Desktop/ramulator2/build/CMakeFiles/CMakeTmp/CheckIncludeFile.cxx
Linking CXX executable cmTC_28f16
/usr/local/Cellar/cmake/3.21.1/bin/cmake -E cmake_link_script CMakeFiles/cmTC_28f16.dir/link.txt --verbose=1
/Library/Developer/CommandLineTools/usr/bin/c++  -isysroot /Library/Developer/CommandLineTools/SDKs/MacOSX14.2.sdk -mmacosx-version-min=13.6 -Wl,-search_paths_first -Wl,-headerpad_max_install_names CMakeFiles/cmTC_28f16.dir/CheckIncludeFile.cxx.o -o cmTC_28f16 
gmake[1]: Leaving directory '/Users/davidxiong/Desktop/ramulator2/build/CMakeFiles/CMakeTmp'



Performing C++ SOURCE FILE Test CMAKE_HAVE_LIBC_PTHREAD succeeded with the following output:
Change Dir: /Users/davidxiong/Desktop/ramulator2/build/CMakeFiles/CMakeTmp

Run Build Command(s):/usr/local/bin/gmake -f Makefile cmTC_28612/fast && /usr/local/bin/gmake  -f CMakeFiles/cmTC_28612.dir/build.make CMakeFiles/cmTC_28612.dir/build
gmake[1]: Entering directory '/Users/davidxiong/Desktop/ramulator2/build/CMakeFiles/CMakeTmp'
Building CXX object CMakeFiles/cmTC_28612.dir/src.cxx.o
/Library/Developer/CommandLineTools/usr/bin/c++ -DCMAKE_HAVE_LIBC_PTHREAD  -isysroot /Library/Developer/CommandLineTools/SDKs/MacOSX14.2.sdk -mmacosx-version-min=13.6 -fPIE -MD -MT CMakeFiles/cmTC_28612.dir/src.cxx.o -MF CMakeFiles/cmTC_28612.dir/src.cxx.o.d -o CMakeFiles/cmTC_28612.dir/src.cxx.o -c /Users/davidxiong/Desktop/ramulator2/build/CMakeFiles/CMakeTmp/src.cxx
Linking CXX executable cmTC_28612
/usr/local/Cellar/cmake/3.21.1/bin/cmake -E cmake_link_script CMakeFiles/cmTC_28612.dir/link.txt --verbose=1
/Library/Developer/CommandLineTools/usr/bin/c++  -isysroot /Library/Developer/CommandLineTools/SDKs/MacOSX14.2.sdk -mmacosx-version-min=13.6 -Wl,-search_paths_first -Wl,-headerpad_max_install_names CMakeFiles/cmTC_28612.dir/src.cxx.o -o cmTC_28612 
gmake[1]: Leaving directory '/Users/davidxiong/Desktop/ramulator2/build/CMakeFiles/CMakeTmp'


Source file was:
#include <pthread.h>

static void* test_func(void* data)
{
  return data;
}

int main(void)
{
  pthread_t thread;
  pthread_create(&thread, NULL, test_func, NULL);
  pthread_detach(thread);
  pthread_cancel(thread);
  pthread_join(thread, NULL);
  pthread_atfork(NULL, NULL, NULL);
  pthread_exit(NULL);

  return 0;
}

